Compiling the C compiler identification source file "CMakeCCompilerId.c" failed.
Compiler: /usr/local/eosio.cdt/bin/eosio-cc 
Build flags: ;-O3;
Id flags:  

The output was:
255
/usr/local/eosio.cdt/bin/wasm-ld: error: cannot open /tmp/CMakeCCompilerId.c.o: No such file or directory


Compiling the CXX compiler identification source file "CMakeCXXCompilerId.cpp" failed.
Compiler: /usr/local/eosio.cdt/bin/eosio-cpp 
Build flags: ;-O3;
Id flags:  

The output was:
255
/usr/local/eosio.cdt/bin/wasm-ld: error: duplicate symbol: main(int, char**)
>>> defined in /tmp/CMakeCXXCompilerId.cpp.o
>>> defined in /tmp/CMakeCXXCompilerId.cpp.o

/usr/local/eosio.cdt/bin/wasm-ld: error: duplicate symbol: info_platform
>>> defined in /tmp/CMakeCXXCompilerId.cpp.o
>>> defined in /tmp/CMakeCXXCompilerId.cpp.o

/usr/local/eosio.cdt/bin/wasm-ld: error: duplicate symbol: info_compiler
>>> defined in /tmp/CMakeCXXCompilerId.cpp.o
>>> defined in /tmp/CMakeCXXCompilerId.cpp.o

/usr/local/eosio.cdt/bin/wasm-ld: error: duplicate symbol: info_language_dialect_default
>>> defined in /tmp/CMakeCXXCompilerId.cpp.o
>>> defined in /tmp/CMakeCXXCompilerId.cpp.o

/usr/local/eosio.cdt/bin/wasm-ld: error: duplicate symbol: info_arch
>>> defined in /tmp/CMakeCXXCompilerId.cpp.o
>>> defined in /tmp/CMakeCXXCompilerId.cpp.o


Detecting C compiler ABI info failed to compile with the following output:
Change Dir: /wax/wax/mycontract/proxime/build/proxime/CMakeFiles/CMakeTmp

Run Build Command:"/usr/bin/make" "cmTC_e3710/fast"
make[3]: Entering directory '/wax/wax/mycontract/proxime/build/proxime/CMakeFiles/CMakeTmp'
/usr/bin/make -f CMakeFiles/cmTC_e3710.dir/build.make CMakeFiles/cmTC_e3710.dir/build
make[4]: Entering directory '/wax/wax/mycontract/proxime/build/proxime/CMakeFiles/CMakeTmp'
Building C object CMakeFiles/cmTC_e3710.dir/CMakeCCompilerABI.c.obj
/usr/local/eosio.cdt/bin/eosio-cc    -o CMakeFiles/cmTC_e3710.dir/CMakeCCompilerABI.c.obj   -c /usr/share/cmake-3.10/Modules/CMakeCCompilerABI.c
Linking C executable cmTC_e3710.wasm
/usr/bin/cmake -E cmake_link_script CMakeFiles/cmTC_e3710.dir/link.txt --verbose=1
/usr/local/eosio.cdt/bin/eosio-ld  -v CMakeFiles/cmTC_e3710.dir/CMakeCCompilerABI.c.obj -o cmTC_e3710.wasm 
eosio-ld: Unknown command line argument '-v'.  Try: '/usr/local/eosio.cdt/bin/eosio-ld -help'
eosio-ld: Did you mean '-L'?
CMakeFiles/cmTC_e3710.dir/build.make:97: recipe for target 'cmTC_e3710.wasm' failed
make[4]: *** [cmTC_e3710.wasm] Error 1
make[4]: Leaving directory '/wax/wax/mycontract/proxime/build/proxime/CMakeFiles/CMakeTmp'
Makefile:126: recipe for target 'cmTC_e3710/fast' failed
make[3]: *** [cmTC_e3710/fast] Error 2
make[3]: Leaving directory '/wax/wax/mycontract/proxime/build/proxime/CMakeFiles/CMakeTmp'



Detecting C [-std=c11] compiler features failed to compile with the following output:
Change Dir: /wax/wax/mycontract/proxime/build/proxime/CMakeFiles/CMakeTmp

Run Build Command:"/usr/bin/make" "cmTC_04b79/fast"
make[3]: Entering directory '/wax/wax/mycontract/proxime/build/proxime/CMakeFiles/CMakeTmp'
/usr/bin/make -f CMakeFiles/cmTC_04b79.dir/build.make CMakeFiles/cmTC_04b79.dir/build
make[4]: Entering directory '/wax/wax/mycontract/proxime/build/proxime/CMakeFiles/CMakeTmp'
Building C object CMakeFiles/cmTC_04b79.dir/feature_tests.c.obj
/usr/local/eosio.cdt/bin/eosio-cc   -std=c11 -o CMakeFiles/cmTC_04b79.dir/feature_tests.c.obj   -c /wax/wax/mycontract/proxime/build/proxime/CMakeFiles/feature_tests.c
eosio-cc: Unknown command line argument '-std=c11'.  Try: '/usr/local/eosio.cdt/bin/eosio-cc -help'
eosio-cc: Did you mean '-w=c11'?
CMakeFiles/cmTC_04b79.dir/build.make:65: recipe for target 'CMakeFiles/cmTC_04b79.dir/feature_tests.c.obj' failed
make[4]: *** [CMakeFiles/cmTC_04b79.dir/feature_tests.c.obj] Error 1
make[4]: Leaving directory '/wax/wax/mycontract/proxime/build/proxime/CMakeFiles/CMakeTmp'
Makefile:126: recipe for target 'cmTC_04b79/fast' failed
make[3]: *** [cmTC_04b79/fast] Error 2
make[3]: Leaving directory '/wax/wax/mycontract/proxime/build/proxime/CMakeFiles/CMakeTmp'



Detecting CXX compiler ABI info failed to compile with the following output:
Change Dir: /wax/wax/mycontract/proxime/build/proxime/CMakeFiles/CMakeTmp

Run Build Command:"/usr/bin/make" "cmTC_5b933/fast"
make[3]: Entering directory '/wax/wax/mycontract/proxime/build/proxime/CMakeFiles/CMakeTmp'
/usr/bin/make -f CMakeFiles/cmTC_5b933.dir/build.make CMakeFiles/cmTC_5b933.dir/build
make[4]: Entering directory '/wax/wax/mycontract/proxime/build/proxime/CMakeFiles/CMakeTmp'
Building CXX object CMakeFiles/cmTC_5b933.dir/CMakeCXXCompilerABI.cpp.obj
/usr/local/eosio.cdt/bin/eosio-cpp     -o CMakeFiles/cmTC_5b933.dir/CMakeCXXCompilerABI.cpp.obj -c /usr/share/cmake-3.10/Modules/CMakeCXXCompilerABI.cpp
Linking CXX executable cmTC_5b933.wasm
/usr/bin/cmake -E cmake_link_script CMakeFiles/cmTC_5b933.dir/link.txt --verbose=1
/usr/local/eosio.cdt/bin/eosio-ld  -v CMakeFiles/cmTC_5b933.dir/CMakeCXXCompilerABI.cpp.obj -o cmTC_5b933.wasm 
eosio-ld: Unknown command line argument '-v'.  Try: '/usr/local/eosio.cdt/bin/eosio-ld -help'
eosio-ld: Did you mean '-L'?
CMakeFiles/cmTC_5b933.dir/build.make:97: recipe for target 'cmTC_5b933.wasm' failed
make[4]: *** [cmTC_5b933.wasm] Error 1
make[4]: Leaving directory '/wax/wax/mycontract/proxime/build/proxime/CMakeFiles/CMakeTmp'
Makefile:126: recipe for target 'cmTC_5b933/fast' failed
make[3]: *** [cmTC_5b933/fast] Error 2
make[3]: Leaving directory '/wax/wax/mycontract/proxime/build/proxime/CMakeFiles/CMakeTmp'



Detecting CXX [-std=c++1z] compiler features failed to compile with the following output:
Change Dir: /wax/wax/mycontract/proxime/build/proxime/CMakeFiles/CMakeTmp

Run Build Command:"/usr/bin/make" "cmTC_1fe03/fast"
make[3]: Entering directory '/wax/wax/mycontract/proxime/build/proxime/CMakeFiles/CMakeTmp'
/usr/bin/make -f CMakeFiles/cmTC_1fe03.dir/build.make CMakeFiles/cmTC_1fe03.dir/build
make[4]: Entering directory '/wax/wax/mycontract/proxime/build/proxime/CMakeFiles/CMakeTmp'
Building CXX object CMakeFiles/cmTC_1fe03.dir/feature_tests.cxx.obj
/usr/local/eosio.cdt/bin/eosio-cpp    -std=c++1z -o CMakeFiles/cmTC_1fe03.dir/feature_tests.cxx.obj -c /wax/wax/mycontract/proxime/build/proxime/CMakeFiles/feature_tests.cxx
Linking CXX executable cmTC_1fe03.wasm
/usr/bin/cmake -E cmake_link_script CMakeFiles/cmTC_1fe03.dir/link.txt --verbose=1
/usr/local/eosio.cdt/bin/eosio-ld   CMakeFiles/cmTC_1fe03.dir/feature_tests.cxx.obj -o cmTC_1fe03.wasm 
/usr/local/eosio.cdt/bin/wasm-ld: error: fatal failure: contract with no actions and trying to create dispatcher
CMakeFiles/cmTC_1fe03.dir/build.make:97: recipe for target 'cmTC_1fe03.wasm' failed
make[4]: *** [cmTC_1fe03.wasm] Error 255
make[4]: Leaving directory '/wax/wax/mycontract/proxime/build/proxime/CMakeFiles/CMakeTmp'
Makefile:126: recipe for target 'cmTC_1fe03/fast' failed
make[3]: *** [cmTC_1fe03/fast] Error 2
make[3]: Leaving directory '/wax/wax/mycontract/proxime/build/proxime/CMakeFiles/CMakeTmp'



